yum_yum/build/app/intermediates/manifest_merge_blame_file/release/manifest-merger-blame-release-report.txt
1<?xml version="1.0" encoding="utf-8"?>
2<manifest xmlns:android="http://schemas.android.com/apk/res/android"
3    package="com.app.my_coffee"
4    android:versionCode="1"
5    android:versionName="1.0.0" >
6
7    <uses-sdk
8        android:minSdkVersion="24"
8-->src/main/AndroidManifest.xml
9        android:targetSdkVersion="34" />
9-->src/main/AndroidManifest.xml
10
11    <uses-feature
11-->src/main/AndroidManifest.xml:4:5-6:36
12        android:name="android.hardware.camera"
12-->src/main/AndroidManifest.xml:5:9-47
13        android:required="false" />
13-->src/main/AndroidManifest.xml:6:9-33
14
15    <uses-permission android:name="android.permission.ACCESS_COARSE_LOCATION" />
15-->src/main/AndroidManifest.xml:8:5-80
15-->src/main/AndroidManifest.xml:8:22-78
16    <uses-permission android:name="android.permission.ACCESS_FINE_LOCATION" />
16-->src/main/AndroidManifest.xml:9:5-78
16-->src/main/AndroidManifest.xml:9:22-76
17    <uses-permission android:name="android.permission.INTERNET" />
17-->src/main/AndroidManifest.xml:10:5-66
17-->src/main/AndroidManifest.xml:10:22-64
18    <uses-permission android:name="android.permission.CAMERA" />
18-->src/main/AndroidManifest.xml:11:5-64
18-->src/main/AndroidManifest.xml:11:22-62
19    <uses-permission android:name="android.permission.READ_EXTERNAL_STORAGE" />
19-->src/main/AndroidManifest.xml:12:5-79
19-->src/main/AndroidManifest.xml:12:22-77
20    <uses-permission android:name="android.permission.WRITE_EXTERNAL_STORAGE" />
20-->src/main/AndroidManifest.xml:13:5-80
20-->src/main/AndroidManifest.xml:13:22-78
21    <!--
22         Required to query activities that can process text, see:
23         https://developer.android.com/training/package-visibility and
24         https://developer.android.com/reference/android/content/Intent#ACTION_PROCESS_TEXT.
25
26         In particular, this is used by the Flutter engine in io.flutter.plugin.text.ProcessTextPlugin.
27    -->
28    <queries>
28-->src/main/AndroidManifest.xml:66:5-71:15
29        <intent>
29-->src/main/AndroidManifest.xml:67:9-70:18
30            <action android:name="android.intent.action.PROCESS_TEXT" />
30-->src/main/AndroidManifest.xml:68:13-72
30-->src/main/AndroidManifest.xml:68:21-70
31
32            <data android:mimeType="text/plain" />
32-->src/main/AndroidManifest.xml:69:13-50
32-->src/main/AndroidManifest.xml:69:19-48
33        </intent>
34        <!-- Needs to be explicitly declared on Android R+ -->
35        <package android:name="com.google.android.apps.maps" />
35-->[com.google.android.gms:play-services-maps:18.2.0] AndroidManifest.xml:33:9-64
35-->[com.google.android.gms:play-services-maps:18.2.0] AndroidManifest.xml:33:18-61
36
37        <intent>
37-->[androidx.media2:media2-session:1.2.1] AndroidManifest.xml:25:9-27:18
38            <action android:name="android.media.browse.MediaBrowserService" />
38-->[androidx.media2:media2-session:1.2.1] AndroidManifest.xml:26:13-79
38-->[androidx.media2:media2-session:1.2.1] AndroidManifest.xml:26:21-76
39        </intent>
40        <intent>
40-->[androidx.media2:media2-session:1.2.1] AndroidManifest.xml:28:9-30:18
41            <action android:name="androidx.media2.session.MediaSessionService" />
41-->[androidx.media2:media2-session:1.2.1] AndroidManifest.xml:29:13-82
41-->[androidx.media2:media2-session:1.2.1] AndroidManifest.xml:29:21-79
42        </intent>
43        <intent>
43-->[androidx.media2:media2-session:1.2.1] AndroidManifest.xml:31:9-33:18
44            <action android:name="androidx.media2.session.MediaLibraryService" />
44-->[androidx.media2:media2-session:1.2.1] AndroidManifest.xml:32:13-82
44-->[androidx.media2:media2-session:1.2.1] AndroidManifest.xml:32:21-79
45        </intent>
46    </queries>
47
48    <uses-permission android:name="android.permission.ACCESS_NETWORK_STATE" />
48-->[:connectivity_plus] AndroidManifest.xml:9:5-79
48-->[:connectivity_plus] AndroidManifest.xml:9:22-76
49
50    <uses-feature
50-->[com.google.android.gms:play-services-maps:18.2.0] AndroidManifest.xml:26:5-28:35
51        android:glEsVersion="0x00020000"
51-->[com.google.android.gms:play-services-maps:18.2.0] AndroidManifest.xml:27:9-41
52        android:required="true" />
52-->[com.google.android.gms:play-services-maps:18.2.0] AndroidManifest.xml:28:9-32
53
54    <permission
54-->[androidx.core:core:1.13.1] AndroidManifest.xml:22:5-24:47
55        android:name="com.app.my_coffee.DYNAMIC_RECEIVER_NOT_EXPORTED_PERMISSION"
55-->[androidx.core:core:1.13.1] AndroidManifest.xml:23:9-81
56        android:protectionLevel="signature" />
56-->[androidx.core:core:1.13.1] AndroidManifest.xml:24:9-44
57
58    <uses-permission android:name="com.app.my_coffee.DYNAMIC_RECEIVER_NOT_EXPORTED_PERMISSION" />
58-->[androidx.core:core:1.13.1] AndroidManifest.xml:26:5-97
58-->[androidx.core:core:1.13.1] AndroidManifest.xml:26:22-94
59
60    <uses-feature
60-->[com.journeyapps:zxing-android-embedded:4.3.0] AndroidManifest.xml:28:5-30:36
61        android:name="android.hardware.camera.front"
61-->[com.journeyapps:zxing-android-embedded:4.3.0] AndroidManifest.xml:29:9-53
62        android:required="false" /> <!-- TODO replace above two with next line after Android 4.2 -->
62-->[com.journeyapps:zxing-android-embedded:4.3.0] AndroidManifest.xml:30:9-33
63    <!-- <uses-feature android:name="android.hardware.camera.any"/> -->
64    <uses-feature
64-->[com.journeyapps:zxing-android-embedded:4.3.0] AndroidManifest.xml:33:5-35:36
65        android:name="android.hardware.camera.autofocus"
65-->[com.journeyapps:zxing-android-embedded:4.3.0] AndroidManifest.xml:34:9-57
66        android:required="false" />
66-->[com.journeyapps:zxing-android-embedded:4.3.0] AndroidManifest.xml:35:9-33
67    <uses-feature
67-->[com.journeyapps:zxing-android-embedded:4.3.0] AndroidManifest.xml:36:5-38:36
68        android:name="android.hardware.camera.flash"
68-->[com.journeyapps:zxing-android-embedded:4.3.0] AndroidManifest.xml:37:9-53
69        android:required="false" />
69-->[com.journeyapps:zxing-android-embedded:4.3.0] AndroidManifest.xml:38:9-33
70    <uses-feature
70-->[com.journeyapps:zxing-android-embedded:4.3.0] AndroidManifest.xml:39:5-41:36
71        android:name="android.hardware.screen.landscape"
71-->[com.journeyapps:zxing-android-embedded:4.3.0] AndroidManifest.xml:40:9-57
72        android:required="false" />
72-->[com.journeyapps:zxing-android-embedded:4.3.0] AndroidManifest.xml:41:9-33
73    <uses-feature
73-->[com.journeyapps:zxing-android-embedded:4.3.0] AndroidManifest.xml:42:5-44:36
74        android:name="android.hardware.wifi"
74-->[com.journeyapps:zxing-android-embedded:4.3.0] AndroidManifest.xml:43:9-45
75        android:required="false" />
75-->[com.journeyapps:zxing-android-embedded:4.3.0] AndroidManifest.xml:44:9-33
76
77    <application
78        android:name="android.app.Application"
78-->src/main/AndroidManifest.xml:17:9-42
79        android:appComponentFactory="androidx.core.app.CoreComponentFactory"
79-->[androidx.core:core:1.13.1] AndroidManifest.xml:28:18-86
80        android:extractNativeLibs="false"
81        android:icon="@mipmap/ic_launcher"
81-->src/main/AndroidManifest.xml:18:9-43
82        android:label="Yum Yum"
82-->src/main/AndroidManifest.xml:16:9-32
83        android:networkSecurityConfig="@xml/network_security_config"
83-->src/main/AndroidManifest.xml:21:9-69
84        android:requestLegacyExternalStorage="true"
84-->src/main/AndroidManifest.xml:19:9-52
85        android:usesCleartextTraffic="true" >
85-->src/main/AndroidManifest.xml:20:9-44
86        <activity
86-->src/main/AndroidManifest.xml:22:9-49:20
87            android:name="com.app.my_coffee.MainActivity"
87-->src/main/AndroidManifest.xml:23:13-41
88            android:configChanges="orientation|keyboardHidden|keyboard|screenSize|smallestScreenSize|locale|layoutDirection|fontScale|screenLayout|density|uiMode"
88-->src/main/AndroidManifest.xml:28:13-163
89            android:exported="true"
89-->src/main/AndroidManifest.xml:24:13-36
90            android:hardwareAccelerated="true"
90-->src/main/AndroidManifest.xml:29:13-47
91            android:launchMode="singleTop"
91-->src/main/AndroidManifest.xml:25:13-43
92            android:taskAffinity=""
92-->src/main/AndroidManifest.xml:26:13-36
93            android:theme="@style/LaunchTheme"
93-->src/main/AndroidManifest.xml:27:13-47
94            android:windowSoftInputMode="adjustResize" >
94-->src/main/AndroidManifest.xml:30:13-55
95
96            <!--
97                 Specifies an Android theme to apply to this Activity as soon as
98                 the Android process has started. This theme is visible to the user
99                 while the Flutter UI initializes. After that, this theme continues
100                 to determine the Window background behind the Flutter UI.
101            -->
102            <meta-data
102-->src/main/AndroidManifest.xml:35:13-38:17
103                android:name="io.flutter.embedding.android.NormalTheme"
103-->src/main/AndroidManifest.xml:36:15-70
104                android:resource="@style/NormalTheme" />
104-->src/main/AndroidManifest.xml:37:15-52
105            <meta-data
105-->src/main/AndroidManifest.xml:40:13-43:19
106                android:name="io.flutter.embedding.android.SplashScreenDrawable"
106-->src/main/AndroidManifest.xml:41:17-81
107                android:resource="@drawable/launch_background" />
107-->src/main/AndroidManifest.xml:42:17-63
108
109            <intent-filter>
109-->src/main/AndroidManifest.xml:45:13-48:29
110                <action android:name="android.intent.action.MAIN" />
110-->src/main/AndroidManifest.xml:46:17-68
110-->src/main/AndroidManifest.xml:46:25-66
111
112                <category android:name="android.intent.category.LAUNCHER" />
112-->src/main/AndroidManifest.xml:47:17-76
112-->src/main/AndroidManifest.xml:47:27-74
113            </intent-filter>
114        </activity>
115        <activity
115-->src/main/AndroidManifest.xml:50:9-53:71
116            android:name="com.yalantis.ucrop.UCropActivity"
116-->src/main/AndroidManifest.xml:51:13-60
117            android:screenOrientation="portrait"
117-->src/main/AndroidManifest.xml:52:13-49
118            android:theme="@style/Theme.AppCompat.Light.NoActionBar" />
118-->src/main/AndroidManifest.xml:53:13-69
119        <!--
120             Don't delete the meta-data below.
121             This is used by the Flutter tool to generate GeneratedPluginRegistrant.java
122        -->
123        <meta-data
123-->src/main/AndroidManifest.xml:56:9-58:33
124            android:name="flutterEmbedding"
124-->src/main/AndroidManifest.xml:57:13-44
125            android:value="2" />
125-->src/main/AndroidManifest.xml:58:13-30
126
127        <provider
127-->[:image_picker_android] AndroidManifest.xml:11:9-19:20
128            android:name="io.flutter.plugins.imagepicker.ImagePickerFileProvider"
128-->[:image_picker_android] AndroidManifest.xml:12:13-82
129            android:authorities="com.app.my_coffee.flutter.image_provider"
129-->[:image_picker_android] AndroidManifest.xml:13:13-74
130            android:exported="false"
130-->[:image_picker_android] AndroidManifest.xml:14:13-37
131            android:grantUriPermissions="true" >
131-->[:image_picker_android] AndroidManifest.xml:15:13-47
132            <meta-data
132-->[:image_picker_android] AndroidManifest.xml:16:13-18:75
133                android:name="android.support.FILE_PROVIDER_PATHS"
133-->[:image_picker_android] AndroidManifest.xml:17:17-67
134                android:resource="@xml/flutter_image_picker_file_paths" />
134-->[:image_picker_android] AndroidManifest.xml:18:17-72
135        </provider> <!-- Trigger Google Play services to install the backported photo picker module. -->
136        <service
136-->[:image_picker_android] AndroidManifest.xml:21:9-33:19
137            android:name="com.google.android.gms.metadata.ModuleDependencies"
137-->[:image_picker_android] AndroidManifest.xml:22:13-78
138            android:enabled="false"
138-->[:image_picker_android] AndroidManifest.xml:23:13-36
139            android:exported="false" >
139-->[:image_picker_android] AndroidManifest.xml:24:13-37
140            <intent-filter>
140-->[:image_picker_android] AndroidManifest.xml:26:13-28:29
141                <action android:name="com.google.android.gms.metadata.MODULE_DEPENDENCIES" />
141-->[:image_picker_android] AndroidManifest.xml:27:17-94
141-->[:image_picker_android] AndroidManifest.xml:27:25-91
142            </intent-filter>
143
144            <meta-data
144-->[:image_picker_android] AndroidManifest.xml:30:13-32:36
145                android:name="photopicker_activity:0:required"
145-->[:image_picker_android] AndroidManifest.xml:31:17-63
146                android:value="" />
146-->[:image_picker_android] AndroidManifest.xml:32:17-33
147        </service>
148        <service
148-->[:geolocator_android] AndroidManifest.xml:10:9-14:56
149            android:name="com.baseflow.geolocator.GeolocatorLocationService"
149-->[:geolocator_android] AndroidManifest.xml:11:13-77
150            android:enabled="true"
150-->[:geolocator_android] AndroidManifest.xml:12:13-35
151            android:exported="false"
151-->[:geolocator_android] AndroidManifest.xml:13:13-37
152            android:foregroundServiceType="location" />
152-->[:geolocator_android] AndroidManifest.xml:14:13-53
153
154        <activity
154-->[:url_launcher_android] AndroidManifest.xml:10:9-13:74
155            android:name="io.flutter.plugins.urllauncher.WebViewActivity"
155-->[:url_launcher_android] AndroidManifest.xml:11:13-74
156            android:exported="false"
156-->[:url_launcher_android] AndroidManifest.xml:12:13-37
157            android:theme="@android:style/Theme.NoTitleBar.Fullscreen" /> <!-- Needs to be explicitly declared on P+ -->
157-->[:url_launcher_android] AndroidManifest.xml:13:13-71
158        <uses-library
158-->[com.google.android.gms:play-services-maps:18.2.0] AndroidManifest.xml:39:9-41:40
159            android:name="org.apache.http.legacy"
159-->[com.google.android.gms:play-services-maps:18.2.0] AndroidManifest.xml:40:13-50
160            android:required="false" />
160-->[com.google.android.gms:play-services-maps:18.2.0] AndroidManifest.xml:41:13-37
161
162        <activity
162-->[com.google.android.gms:play-services-base:18.3.0] AndroidManifest.xml:20:9-22:45
163            android:name="com.google.android.gms.common.api.GoogleApiActivity"
163-->[com.google.android.gms:play-services-base:18.3.0] AndroidManifest.xml:20:19-85
164            android:exported="false"
164-->[com.google.android.gms:play-services-base:18.3.0] AndroidManifest.xml:22:19-43
165            android:theme="@android:style/Theme.Translucent.NoTitleBar" />
165-->[com.google.android.gms:play-services-base:18.3.0] AndroidManifest.xml:21:19-78
166
167        <meta-data
167-->[com.google.android.gms:play-services-basement:18.3.0] AndroidManifest.xml:21:9-23:69
168            android:name="com.google.android.gms.version"
168-->[com.google.android.gms:play-services-basement:18.3.0] AndroidManifest.xml:22:13-58
169            android:value="@integer/google_play_services_version" />
169-->[com.google.android.gms:play-services-basement:18.3.0] AndroidManifest.xml:23:13-66
170
171        <provider
171-->[androidx.emoji2:emoji2:1.2.0] AndroidManifest.xml:24:9-32:20
172            android:name="androidx.startup.InitializationProvider"
172-->[androidx.emoji2:emoji2:1.2.0] AndroidManifest.xml:25:13-67
173            android:authorities="com.app.my_coffee.androidx-startup"
173-->[androidx.emoji2:emoji2:1.2.0] AndroidManifest.xml:26:13-68
174            android:exported="false" >
174-->[androidx.emoji2:emoji2:1.2.0] AndroidManifest.xml:27:13-37
175            <meta-data
175-->[androidx.emoji2:emoji2:1.2.0] AndroidManifest.xml:29:13-31:52
176                android:name="androidx.emoji2.text.EmojiCompatInitializer"
176-->[androidx.emoji2:emoji2:1.2.0] AndroidManifest.xml:30:17-75
177                android:value="androidx.startup" />
177-->[androidx.emoji2:emoji2:1.2.0] AndroidManifest.xml:31:17-49
178            <meta-data
178-->[androidx.lifecycle:lifecycle-process:2.6.2] AndroidManifest.xml:29:13-31:52
179                android:name="androidx.lifecycle.ProcessLifecycleInitializer"
179-->[androidx.lifecycle:lifecycle-process:2.6.2] AndroidManifest.xml:30:17-78
180                android:value="androidx.startup" />
180-->[androidx.lifecycle:lifecycle-process:2.6.2] AndroidManifest.xml:31:17-49
181            <meta-data
181-->[androidx.profileinstaller:profileinstaller:1.3.1] AndroidManifest.xml:29:13-31:52
182                android:name="androidx.profileinstaller.ProfileInstallerInitializer"
182-->[androidx.profileinstaller:profileinstaller:1.3.1] AndroidManifest.xml:30:17-85
183                android:value="androidx.startup" />
183-->[androidx.profileinstaller:profileinstaller:1.3.1] AndroidManifest.xml:31:17-49
184        </provider>
185
186        <uses-library
186-->[androidx.window:window:1.0.0] AndroidManifest.xml:25:9-27:40
187            android:name="androidx.window.extensions"
187-->[androidx.window:window:1.0.0] AndroidManifest.xml:26:13-54
188            android:required="false" />
188-->[androidx.window:window:1.0.0] AndroidManifest.xml:27:13-37
189        <uses-library
189-->[androidx.window:window:1.0.0] AndroidManifest.xml:28:9-30:40
190            android:name="androidx.window.sidecar"
190-->[androidx.window:window:1.0.0] AndroidManifest.xml:29:13-51
191            android:required="false" />
191-->[androidx.window:window:1.0.0] AndroidManifest.xml:30:13-37
192
193        <receiver
193-->[androidx.profileinstaller:profileinstaller:1.3.1] AndroidManifest.xml:34:9-52:20
194            android:name="androidx.profileinstaller.ProfileInstallReceiver"
194-->[androidx.profileinstaller:profileinstaller:1.3.1] AndroidManifest.xml:35:13-76
195            android:directBootAware="false"
195-->[androidx.profileinstaller:profileinstaller:1.3.1] AndroidManifest.xml:36:13-44
196            android:enabled="true"
196-->[androidx.profileinstaller:profileinstaller:1.3.1] AndroidManifest.xml:37:13-35
197            android:exported="true"
197-->[androidx.profileinstaller:profileinstaller:1.3.1] AndroidManifest.xml:38:13-36
198            android:permission="android.permission.DUMP" >
198-->[androidx.profileinstaller:profileinstaller:1.3.1] AndroidManifest.xml:39:13-57
199            <intent-filter>
199-->[androidx.profileinstaller:profileinstaller:1.3.1] AndroidManifest.xml:40:13-42:29
200                <action android:name="androidx.profileinstaller.action.INSTALL_PROFILE" />
200-->[androidx.profileinstaller:profileinstaller:1.3.1] AndroidManifest.xml:41:17-91
200-->[androidx.profileinstaller:profileinstaller:1.3.1] AndroidManifest.xml:41:25-88
201            </intent-filter>
202            <intent-filter>
202-->[androidx.profileinstaller:profileinstaller:1.3.1] AndroidManifest.xml:43:13-45:29
203                <action android:name="androidx.profileinstaller.action.SKIP_FILE" />
203-->[androidx.profileinstaller:profileinstaller:1.3.1] AndroidManifest.xml:44:17-85
203-->[androidx.profileinstaller:profileinstaller:1.3.1] AndroidManifest.xml:44:25-82
204            </intent-filter>
205            <intent-filter>
205-->[androidx.profileinstaller:profileinstaller:1.3.1] AndroidManifest.xml:46:13-48:29
206                <action android:name="androidx.profileinstaller.action.SAVE_PROFILE" />
206-->[androidx.profileinstaller:profileinstaller:1.3.1] AndroidManifest.xml:47:17-88
206-->[androidx.profileinstaller:profileinstaller:1.3.1] AndroidManifest.xml:47:25-85
207            </intent-filter>
208            <intent-filter>
208-->[androidx.profileinstaller:profileinstaller:1.3.1] AndroidManifest.xml:49:13-51:29
209                <action android:name="androidx.profileinstaller.action.BENCHMARK_OPERATION" />
209-->[androidx.profileinstaller:profileinstaller:1.3.1] AndroidManifest.xml:50:17-95
209-->[androidx.profileinstaller:profileinstaller:1.3.1] AndroidManifest.xml:50:25-92
210            </intent-filter>
211        </receiver>
212
213        <activity
213-->[com.journeyapps:zxing-android-embedded:4.3.0] AndroidManifest.xml:47:9-53:63
214            android:name="com.journeyapps.barcodescanner.CaptureActivity"
214-->[com.journeyapps:zxing-android-embedded:4.3.0] AndroidManifest.xml:48:13-74
215            android:clearTaskOnLaunch="true"
215-->[com.journeyapps:zxing-android-embedded:4.3.0] AndroidManifest.xml:49:13-45
216            android:screenOrientation="sensorLandscape"
216-->[com.journeyapps:zxing-android-embedded:4.3.0] AndroidManifest.xml:50:13-56
217            android:stateNotNeeded="true"
217-->[com.journeyapps:zxing-android-embedded:4.3.0] AndroidManifest.xml:51:13-42
218            android:theme="@style/zxing_CaptureTheme"
218-->[com.journeyapps:zxing-android-embedded:4.3.0] AndroidManifest.xml:52:13-54
219            android:windowSoftInputMode="stateAlwaysHidden" />
219-->[com.journeyapps:zxing-android-embedded:4.3.0] AndroidManifest.xml:53:13-60
220    </application>
221
222</manifest>